2020-01-20 22:28:39.425  INFO 12644 --- [main] c.z.web.platform.WebPlatformApplication  : Starting WebPlatformApplication on cat with PID 12644 (D:\zhongjiworkspance\programmer\web\web-platform\target\classes started by zlk in D:\zhongjiworkspance\programmer)
2020-01-20 22:28:39.435  INFO 12644 --- [main] c.z.web.platform.WebPlatformApplication  : The following profiles are active: dev
2020-01-20 22:28:39.535  INFO 12644 --- [main] ConfigServletWebServerApplicationContext : Refreshing org.springframework.boot.web.servlet.context.AnnotationConfigServletWebServerApplicationContext@37c7595: startup date [Mon Jan 20 22:28:39 GMT+08:00 2020]; root of context hierarchy
2020-01-20 22:28:44.602  INFO 12644 --- [main] o.s.b.f.xml.XmlBeanDefinitionReader      : Loading XML bean definitions from class path resource [spring/dubbo/consumer.xml]
2020-01-20 22:28:44.792  INFO 12644 --- [main] c.a.dubbo.common.logger.LoggerFactory    : using logger: com.alibaba.dubbo.common.logger.slf4j.Slf4jLoggerAdapter
2020-01-20 22:28:45.062  WARN 12644 --- [main] o.m.s.mapper.ClassPathMapperScanner      : No MyBatis mapper was found in '[com.zlk.common.core, com.zlk.web.platform]' package. Please check your configuration.
2020-01-20 22:28:45.162  INFO 12644 --- [main] .s.d.r.c.RepositoryConfigurationDelegate : Multiple Spring Data modules found, entering strict repository configuration mode!
2020-01-20 22:28:45.941  INFO 12644 --- [main] trationDelegate$BeanPostProcessorChecker : Bean 'com.alibaba.dubbo.config.ConsumerConfig' of type [com.alibaba.dubbo.config.ConsumerConfig] is not eligible for getting processed by all BeanPostProcessors (for example: not eligible for auto-proxying)
2020-01-20 22:28:45.951  INFO 12644 --- [main] c.a.dubbo.common.logger.LoggerFactory    : using logger: com.alibaba.dubbo.common.logger.slf4j.Slf4jLoggerAdapter
2020-01-20 22:28:45.951  INFO 12644 --- [main] trationDelegate$BeanPostProcessorChecker : Bean '${dubbo.application.name}' of type [com.alibaba.dubbo.config.ApplicationConfig] is not eligible for getting processed by all BeanPostProcessors (for example: not eligible for auto-proxying)
2020-01-20 22:28:45.961  INFO 12644 --- [main] trationDelegate$BeanPostProcessorChecker : Bean 'com.alibaba.dubbo.config.RegistryConfig' of type [com.alibaba.dubbo.config.RegistryConfig] is not eligible for getting processed by all BeanPostProcessors (for example: not eligible for auto-proxying)
2020-01-20 22:28:45.961  INFO 12644 --- [main] trationDelegate$BeanPostProcessorChecker : Bean 'departmentService' of type [com.alibaba.dubbo.config.spring.ReferenceBean] is not eligible for getting processed by all BeanPostProcessors (for example: not eligible for auto-proxying)
2020-01-20 22:28:46.101  INFO 12644 --- [main] trationDelegate$BeanPostProcessorChecker : Bean 'org.springframework.transaction.annotation.ProxyTransactionManagementConfiguration' of type [org.springframework.transaction.annotation.ProxyTransactionManagementConfiguration$$EnhancerBySpringCGLIB$$34e817f4] is not eligible for getting processed by all BeanPostProcessors (for example: not eligible for auto-proxying)
2020-01-20 22:28:46.931  INFO 12644 --- [main] o.s.b.w.embedded.tomcat.TomcatWebServer  : Tomcat initialized with port(s): 14042 (http)
2020-01-20 22:28:46.971  INFO 12644 --- [main] o.apache.catalina.core.StandardService   : Starting service [Tomcat]
2020-01-20 22:28:46.971  INFO 12644 --- [main] org.apache.catalina.core.StandardEngine  : Starting Servlet Engine: Apache Tomcat/8.5.31
2020-01-20 22:28:46.981  INFO 12644 --- [localhost-startStop-1] o.a.catalina.core.AprLifecycleListener   : The APR based Apache Tomcat Native library which allows optimal performance in production environments was not found on the java.library.path: [C:\Program Files\Java\jdk1.8.0_181\bin;C:\WINDOWS\Sun\Java\bin;C:\WINDOWS\system32;C:\WINDOWS;C:\Program Files (x86)\Common Files\Oracle\Java\javapath;C:\windows\system32;C:\windows;C:\windows\System32\Wbem;C:\windows\System32\WindowsPowerShell\v1.0\;C:\Program Files (x86)\NVIDIA Corporation\PhysX\Common;%JAVA_HOME%\bin;%JAVA_HOME%\jre\bin;%M2_HOME%\bin;D:\software\maven\apache-maven-3.5.4-bin\apache-maven-3.5.4\bin;D:\software\zookeeper\zookeeper-3.5.2-alpha\bin;C:\WINDOWS\system32;C:\WINDOWS;C:\WINDOWS\System32\Wbem;C:\WINDOWS\System32\WindowsPowerShell\v1.0\;C:\WINDOWS\System32\OpenSSH\;D:\software\SmartGit\git\bin;C:\Program Files\Intel\WiFi\bin\;C:\Program Files\Common Files\Intel\WirelessCommon\;D:\software\nexus-3.15.2-01-win64\nexus-3.15.2-01\bin;D:\software\node\npm;C:\Users\zlk\AppData\Roaming\npm;D:\software\node\;%GRADLE_HOME%\bin;D:\software\gradle-5.5.1-bin\gradle-5.5.1\bin;C:\Program Files\MySQL\MySQL Server 5.7\bin;C:\Users\zlk\AppData\Local\Microsoft\WindowsApps;C:\Users\zlk\AppData\Local\Programs\Microsoft VS Code\bin;D:\software\node;C:\Users\zlk\AppData\Roaming\npm\node_modules\cnpm\bin;C:\Users\zlk\AppData\Roaming\npm;.]
2020-01-20 22:28:47.160  INFO 12644 --- [localhost-startStop-1] o.a.c.c.C.[.[localhost].[/web-platform]  : Initializing Spring embedded WebApplicationContext
2020-01-20 22:28:47.170  INFO 12644 --- [localhost-startStop-1] o.s.web.context.ContextLoader            : Root WebApplicationContext: initialization completed in 7635 ms
2020-01-20 22:28:47.980  INFO 12644 --- [localhost-startStop-1] o.s.b.w.servlet.FilterRegistrationBean   : Mapping filter: 'characterEncodingFilter' to: [/*]
2020-01-20 22:28:47.980  INFO 12644 --- [localhost-startStop-1] o.s.b.w.servlet.FilterRegistrationBean   : Mapping filter: 'sessionRepositoryFilter' to: [/*]
2020-01-20 22:28:47.980  INFO 12644 --- [localhost-startStop-1] o.s.b.w.servlet.FilterRegistrationBean   : Mapping filter: 'hiddenHttpMethodFilter' to: [/*]
2020-01-20 22:28:47.980  INFO 12644 --- [localhost-startStop-1] o.s.b.w.servlet.FilterRegistrationBean   : Mapping filter: 'httpPutFormContentFilter' to: [/*]
2020-01-20 22:28:47.980  INFO 12644 --- [localhost-startStop-1] o.s.b.w.servlet.FilterRegistrationBean   : Mapping filter: 'requestContextFilter' to: [/*]
2020-01-20 22:28:47.980  INFO 12644 --- [localhost-startStop-1] o.s.b.w.servlet.FilterRegistrationBean   : Mapping filter: 'webStatFilter' to urls: [/*]
2020-01-20 22:28:47.980  INFO 12644 --- [localhost-startStop-1] o.s.b.w.servlet.ServletRegistrationBean  : Servlet dispatcherServlet mapped to [/]
2020-01-20 22:28:47.980  INFO 12644 --- [localhost-startStop-1] o.s.b.w.servlet.ServletRegistrationBean  : Servlet statViewServlet mapped to [/druid/*]
2020-01-20 22:28:48.720  INFO 12644 --- [main] s.w.s.m.m.a.RequestMappingHandlerMapping : Mapped "{[/get/agent/{id}]}" onto public com.zlk.common.core.entiry.Agent com.zlk.web.platform.web.AgentController.getAgent(java.lang.String)
2020-01-20 22:28:48.720  INFO 12644 --- [main] s.w.s.m.m.a.RequestMappingHandlerMapping : Mapped "{[/create],methods=[POST]}" onto public com.zlk.common.base.base.Result com.zlk.web.platform.web.FountainheadController.create(com.zlk.common.core.entiry.DataFountainhead)
2020-01-20 22:28:48.730  INFO 12644 --- [main] s.w.s.m.m.a.RequestMappingHandlerMapping : Mapped "{[/swagger-resources]}" onto public org.springframework.http.ResponseEntity<java.util.List<springfox.documentation.swagger.web.SwaggerResource>> springfox.documentation.swagger.web.ApiResourceController.swaggerResources()
2020-01-20 22:28:48.730  INFO 12644 --- [main] s.w.s.m.m.a.RequestMappingHandlerMapping : Mapped "{[/swagger-resources/configuration/ui]}" onto public org.springframework.http.ResponseEntity<springfox.documentation.swagger.web.UiConfiguration> springfox.documentation.swagger.web.ApiResourceController.uiConfiguration()
2020-01-20 22:28:48.730  INFO 12644 --- [main] s.w.s.m.m.a.RequestMappingHandlerMapping : Mapped "{[/swagger-resources/configuration/security]}" onto public org.springframework.http.ResponseEntity<springfox.documentation.swagger.web.SecurityConfiguration> springfox.documentation.swagger.web.ApiResourceController.securityConfiguration()
2020-01-20 22:28:48.730  INFO 12644 --- [main] s.w.s.m.m.a.RequestMappingHandlerMapping : Mapped "{[/error]}" onto public org.springframework.http.ResponseEntity<java.util.Map<java.lang.String, java.lang.Object>> org.springframework.boot.autoconfigure.web.servlet.error.BasicErrorController.error(javax.servlet.http.HttpServletRequest)
2020-01-20 22:28:48.740  INFO 12644 --- [main] s.w.s.m.m.a.RequestMappingHandlerMapping : Mapped "{[/error],produces=[text/html]}" onto public org.springframework.web.servlet.ModelAndView org.springframework.boot.autoconfigure.web.servlet.error.BasicErrorController.errorHtml(javax.servlet.http.HttpServletRequest,javax.servlet.http.HttpServletResponse)
2020-01-20 22:28:48.979  INFO 12644 --- [main] pertySourcedRequestMappingHandlerMapping : Mapped URL path [/v2/api-docs] onto method [public org.springframework.http.ResponseEntity<springfox.documentation.spring.web.json.Json> springfox.documentation.swagger2.web.Swagger2Controller.getDocumentation(java.lang.String,javax.servlet.http.HttpServletRequest)]
2020-01-20 22:28:49.159  INFO 12644 --- [main] o.s.w.s.handler.SimpleUrlHandlerMapping  : Mapped URL path [/**/favicon.ico] onto handler of type [class org.springframework.web.servlet.resource.ResourceHttpRequestHandler]
2020-01-20 22:28:49.449  INFO 12644 --- [main] s.w.s.m.m.a.RequestMappingHandlerAdapter : Looking for @ControllerAdvice: org.springframework.boot.web.servlet.context.AnnotationConfigServletWebServerApplicationContext@37c7595: startup date [Mon Jan 20 22:28:39 GMT+08:00 2020]; root of context hierarchy
2020-01-20 22:28:49.539  INFO 12644 --- [main] o.s.w.s.handler.SimpleUrlHandlerMapping  : Mapped URL path [/webjars/**] onto handler of type [class org.springframework.web.servlet.resource.ResourceHttpRequestHandler]
2020-01-20 22:28:49.539  INFO 12644 --- [main] o.s.w.s.handler.SimpleUrlHandlerMapping  : Mapped URL path [/**] onto handler of type [class org.springframework.web.servlet.resource.ResourceHttpRequestHandler]
2020-01-20 22:28:49.719  INFO 12644 --- [main] c.a.d.s.b.a.DruidDataSourceAutoConfigure : Init DruidDataSource
2020-01-20 22:28:50.079  INFO 12644 --- [main] com.alibaba.druid.pool.DruidDataSource   : {dataSource-1} inited
2020-01-20 22:28:50.878  INFO 12644 --- [main] io.lettuce.core.EpollProvider            : Starting without optional epoll library
2020-01-20 22:28:50.878  INFO 12644 --- [main] io.lettuce.core.KqueueProvider           : Starting without optional kqueue library
2020-01-20 22:28:53.207  INFO 12644 --- [main] o.s.j.e.a.AnnotationMBeanExporter        : Registering beans for JMX exposure on startup
2020-01-20 22:28:53.207  INFO 12644 --- [main] o.s.j.e.a.AnnotationMBeanExporter        : Bean with name 'statFilter' has been autodetected for JMX exposure
2020-01-20 22:28:53.207  INFO 12644 --- [main] o.s.j.e.a.AnnotationMBeanExporter        : Bean with name 'dataSource' has been autodetected for JMX exposure
2020-01-20 22:28:53.217  INFO 12644 --- [main] o.s.j.e.a.AnnotationMBeanExporter        : Located MBean 'dataSource': registering with JMX server as MBean [com.alibaba.druid.spring.boot.autoconfigure:name=dataSource,type=DruidDataSourceWrapper]
2020-01-20 22:28:53.217  INFO 12644 --- [main] o.s.j.e.a.AnnotationMBeanExporter        : Located MBean 'statFilter': registering with JMX server as MBean [com.alibaba.druid.filter.stat:name=statFilter,type=StatFilter]
2020-01-20 22:28:53.217  INFO 12644 --- [main] o.s.c.support.DefaultLifecycleProcessor  : Starting beans in phase 2147483647
2020-01-20 22:28:53.227  INFO 12644 --- [main] d.s.w.p.DocumentationPluginsBootstrapper : Context refreshed
2020-01-20 22:28:53.247  INFO 12644 --- [main] d.s.w.p.DocumentationPluginsBootstrapper : Found 1 custom documentation plugin(s)
2020-01-20 22:28:53.317  INFO 12644 --- [main] s.d.s.w.s.ApiListingReferenceScanner     : Scanning for api listing references
2020-01-20 22:28:54.856  INFO 12644 --- [main] s.a.ScheduledAnnotationBeanPostProcessor : No TaskScheduler/ScheduledExecutorService bean found for scheduled processing
2020-01-20 22:28:54.896  INFO 12644 --- [main] o.s.b.w.embedded.tomcat.TomcatWebServer  : Tomcat started on port(s): 14042 (http) with context path '/web-platform'
2020-01-20 22:28:54.906  INFO 12644 --- [main] c.z.web.platform.WebPlatformApplication  : Started WebPlatformApplication in 16.431 seconds (JVM running for 20.013)
2020-01-20 23:31:52.139  INFO 12644 --- [Thread-39] ConfigServletWebServerApplicationContext : Closing org.springframework.boot.web.servlet.context.AnnotationConfigServletWebServerApplicationContext@37c7595: startup date [Mon Jan 20 22:28:39 GMT+08:00 2020]; root of context hierarchy
2020-01-20 23:31:52.181  INFO 12644 --- [DubboShutdownHook] com.alibaba.dubbo.config.AbstractConfig  :  [DUBBO] Run shutdown hook now., dubbo version: 2.6.2, current host: 169.254.105.84
2020-01-20 23:31:52.187  INFO 12644 --- [DubboShutdownHook] c.a.d.r.support.AbstractRegistryFactory  :  [DUBBO] Close all registries [], dubbo version: 2.6.2, current host: 169.254.105.84
2020-01-20 23:31:52.206  INFO 12644 --- [Thread-39] o.s.c.support.DefaultLifecycleProcessor  : Stopping beans in phase 2147483647
2020-01-20 23:32:13.894  INFO 12644 --- [lettuce-eventExecutorLoop-1-1] i.l.core.protocol.ConnectionWatchdog     : Reconnecting, last destination was /39.106.92.240:6379
2020-01-20 23:32:13.893  WARN 12644 --- [Thread-39] o.s.c.support.DefaultLifecycleProcessor  : Failed to stop bean 'redisMessageListenerContainer'

io.lettuce.core.RedisException: java.io.IOException: 远程主机强迫关闭了一个现有的连接。
	at io.lettuce.core.LettuceFutures.awaitOrCancel(LettuceFutures.java:125) ~[lettuce-core-5.0.4.RELEASE.jar:na]
	at io.lettuce.core.FutureSyncInvocationHandler.handleInvocation(FutureSyncInvocationHandler.java:62) ~[lettuce-core-5.0.4.RELEASE.jar:na]
	at io.lettuce.core.internal.AbstractInvocationHandler.invoke(AbstractInvocationHandler.java:80) ~[lettuce-core-5.0.4.RELEASE.jar:na]
	at com.sun.proxy.$Proxy108.punsubscribe(Unknown Source) ~[na:na]
	at org.springframework.data.redis.connection.lettuce.LettuceSubscription.doPUnsubscribe(LettuceSubscription.java:59) ~[spring-data-redis-2.0.7.RELEASE.jar:2.0.7.RELEASE]
	at org.springframework.data.redis.connection.util.AbstractSubscription.pUnsubscribe(AbstractSubscription.java:163) ~[spring-data-redis-2.0.7.RELEASE.jar:2.0.7.RELEASE]
	at org.springframework.data.redis.connection.util.AbstractSubscription.pUnsubscribe(AbstractSubscription.java:134) ~[spring-data-redis-2.0.7.RELEASE.jar:2.0.7.RELEASE]
	at org.springframework.data.redis.listener.RedisMessageListenerContainer$SubscriptionTask.cancel(RedisMessageListenerContainer.java:855) ~[spring-data-redis-2.0.7.RELEASE.jar:2.0.7.RELEASE]
	at org.springframework.data.redis.listener.RedisMessageListenerContainer.stop(RedisMessageListenerContainer.java:225) ~[spring-data-redis-2.0.7.RELEASE.jar:2.0.7.RELEASE]
	at org.springframework.data.redis.listener.RedisMessageListenerContainer.stop(RedisMessageListenerContainer.java:183) ~[spring-data-redis-2.0.7.RELEASE.jar:2.0.7.RELEASE]
	at org.springframework.context.support.DefaultLifecycleProcessor.doStop(DefaultLifecycleProcessor.java:236) [spring-context-5.0.6.RELEASE.jar:5.0.6.RELEASE]
	at org.springframework.context.support.DefaultLifecycleProcessor.access$300(DefaultLifecycleProcessor.java:52) [spring-context-5.0.6.RELEASE.jar:5.0.6.RELEASE]
	at org.springframework.context.support.DefaultLifecycleProcessor$LifecycleGroup.stop(DefaultLifecycleProcessor.java:373) [spring-context-5.0.6.RELEASE.jar:5.0.6.RELEASE]
	at org.springframework.context.support.DefaultLifecycleProcessor.stopBeans(DefaultLifecycleProcessor.java:209) [spring-context-5.0.6.RELEASE.jar:5.0.6.RELEASE]
	at org.springframework.context.support.DefaultLifecycleProcessor.onClose(DefaultLifecycleProcessor.java:127) [spring-context-5.0.6.RELEASE.jar:5.0.6.RELEASE]
	at org.springframework.context.support.AbstractApplicationContext.doClose(AbstractApplicationContext.java:1009) [spring-context-5.0.6.RELEASE.jar:5.0.6.RELEASE]
	at org.springframework.context.support.AbstractApplicationContext$1.run(AbstractApplicationContext.java:937) [spring-context-5.0.6.RELEASE.jar:5.0.6.RELEASE]
Caused by: java.io.IOException: 远程主机强迫关闭了一个现有的连接。
	at sun.nio.ch.SocketDispatcher.read0(Native Method) ~[na:1.8.0_181]
	at sun.nio.ch.SocketDispatcher.read(SocketDispatcher.java:43) ~[na:1.8.0_181]
	at sun.nio.ch.IOUtil.readIntoNativeBuffer(IOUtil.java:223) ~[na:1.8.0_181]
	at sun.nio.ch.IOUtil.read(IOUtil.java:192) ~[na:1.8.0_181]
	at sun.nio.ch.SocketChannelImpl.read(SocketChannelImpl.java:380) ~[na:1.8.0_181]
	at io.netty.buffer.PooledUnsafeDirectByteBuf.setBytes(PooledUnsafeDirectByteBuf.java:288) ~[netty-buffer-4.1.24.Final.jar:4.1.24.Final]
	at io.netty.buffer.AbstractByteBuf.writeBytes(AbstractByteBuf.java:1108) ~[netty-buffer-4.1.24.Final.jar:4.1.24.Final]
	at io.netty.channel.socket.nio.NioSocketChannel.doReadBytes(NioSocketChannel.java:345) ~[netty-transport-4.1.24.Final.jar:4.1.24.Final]
	at io.netty.channel.nio.AbstractNioByteChannel$NioByteUnsafe.read(AbstractNioByteChannel.java:148) ~[netty-transport-4.1.24.Final.jar:4.1.24.Final]
	at io.netty.channel.nio.NioEventLoop.processSelectedKey(NioEventLoop.java:645) ~[netty-transport-4.1.24.Final.jar:4.1.24.Final]
	at io.netty.channel.nio.NioEventLoop.processSelectedKeysOptimized(NioEventLoop.java:580) ~[netty-transport-4.1.24.Final.jar:4.1.24.Final]
	at io.netty.channel.nio.NioEventLoop.processSelectedKeys(NioEventLoop.java:497) ~[netty-transport-4.1.24.Final.jar:4.1.24.Final]
	at io.netty.channel.nio.NioEventLoop.run(NioEventLoop.java:459) ~[netty-transport-4.1.24.Final.jar:4.1.24.Final]
	at io.netty.util.concurrent.SingleThreadEventExecutor$5.run(SingleThreadEventExecutor.java:884) ~[netty-common-4.1.24.Final.jar:4.1.24.Final]
	at io.netty.util.concurrent.FastThreadLocalRunnable.run(FastThreadLocalRunnable.java:30) ~[netty-common-4.1.24.Final.jar:4.1.24.Final]
	at java.lang.Thread.run(Thread.java:748) ~[na:1.8.0_181]

2020-01-20 23:32:13.939  INFO 12644 --- [lettuce-nioEventLoop-4-3] i.l.core.protocol.ReconnectionHandler    : Reconnected to 39.106.92.240:6379
2020-01-20 23:32:43.896  WARN 12644 --- [Thread-39] o.s.c.support.DefaultLifecycleProcessor  : Failed to shut down 1 bean with phase value 2147483647 within timeout of 30000: [redisMessageListenerContainer]
2020-01-20 23:32:43.899  INFO 12644 --- [Thread-39] o.s.j.e.a.AnnotationMBeanExporter        : Unregistering JMX-exposed beans on shutdown
2020-01-20 23:32:43.900  INFO 12644 --- [Thread-39] o.s.j.e.a.AnnotationMBeanExporter        : Unregistering JMX-exposed beans
2020-01-20 23:32:43.917  INFO 12644 --- [Thread-39] com.alibaba.druid.pool.DruidDataSource   : {dataSource-1} closed
